2022-06-15 16:50:09,200 - HandlerTime.Milliseconds:2265.71|#ModelName:my_model_name,Level:Model|#hostname:ruben-Aspire-A315-54,requestID:c2283052-46cd-4b9d-876c-8a5d770e3f45,timestamp:1655304609
2022-06-15 16:50:09,201 - HandlerTime.Milliseconds:2265.71|#ModelName:my_model_name,Level:Model|#hostname:ruben-Aspire-A315-54,requestID:c2283052-46cd-4b9d-876c-8a5d770e3f45,timestamp:1655304609
2022-06-15 16:50:09,209 - HandlerTime.Milliseconds:2265.71|#ModelName:my_model_name,Level:Model|#hostname:ruben-Aspire-A315-54,requestID:c2283052-46cd-4b9d-876c-8a5d770e3f45,timestamp:1655304609
2022-06-15 17:07:08,581 - HandlerTime.Milliseconds:1771.28|#ModelName:my_model_name,Level:Model|#hostname:ruben-Aspire-A315-54,requestID:18e737f6-4245-4dcb-9e72-4ca6e6e028c2,timestamp:1655305628
2022-06-15 17:07:08,586 - HandlerTime.Milliseconds:1771.28|#ModelName:my_model_name,Level:Model|#hostname:ruben-Aspire-A315-54,requestID:18e737f6-4245-4dcb-9e72-4ca6e6e028c2,timestamp:1655305628
2022-06-15 17:07:08,586 - HandlerTime.Milliseconds:1771.28|#ModelName:my_model_name,Level:Model|#hostname:ruben-Aspire-A315-54,requestID:18e737f6-4245-4dcb-9e72-4ca6e6e028c2,timestamp:1655305628
2022-06-15 17:11:03,708 - HandlerTime.Milliseconds:1611.66|#ModelName:my_model_name,Level:Model|#hostname:ruben-Aspire-A315-54,requestID:c1908895-0bfe-4755-ade8-5a57c0f0a680,timestamp:1655305863
2022-06-15 17:11:03,709 - HandlerTime.Milliseconds:1611.66|#ModelName:my_model_name,Level:Model|#hostname:ruben-Aspire-A315-54,requestID:c1908895-0bfe-4755-ade8-5a57c0f0a680,timestamp:1655305863
2022-06-15 17:11:03,710 - HandlerTime.Milliseconds:1611.66|#ModelName:my_model_name,Level:Model|#hostname:ruben-Aspire-A315-54,requestID:c1908895-0bfe-4755-ade8-5a57c0f0a680,timestamp:1655305863
2022-06-15 17:16:01,906 - HandlerTime.Milliseconds:1715.55|#ModelName:my_model_name,Level:Model|#hostname:ruben-Aspire-A315-54,requestID:88f695ea-1fe6-49af-8d73-1ce84aa4060d,timestamp:1655306161
2022-06-15 17:16:01,908 - HandlerTime.Milliseconds:1715.55|#ModelName:my_model_name,Level:Model|#hostname:ruben-Aspire-A315-54,requestID:88f695ea-1fe6-49af-8d73-1ce84aa4060d,timestamp:1655306161
2022-06-15 17:16:01,910 - HandlerTime.Milliseconds:1715.55|#ModelName:my_model_name,Level:Model|#hostname:ruben-Aspire-A315-54,requestID:88f695ea-1fe6-49af-8d73-1ce84aa4060d,timestamp:1655306161
2022-06-15 17:27:42,542 - HandlerTime.Milliseconds:2140.27|#ModelName:my_model_name,Level:Model|#hostname:ruben-Aspire-A315-54,requestID:19645cdd-3e9b-4d89-89bc-d14c3887d866,timestamp:1655306862
2022-06-15 17:27:42,543 - HandlerTime.Milliseconds:2140.27|#ModelName:my_model_name,Level:Model|#hostname:ruben-Aspire-A315-54,requestID:19645cdd-3e9b-4d89-89bc-d14c3887d866,timestamp:1655306862
2022-06-15 17:27:42,552 - HandlerTime.Milliseconds:2140.27|#ModelName:my_model_name,Level:Model|#hostname:ruben-Aspire-A315-54,requestID:19645cdd-3e9b-4d89-89bc-d14c3887d866,timestamp:1655306862
2022-06-15 17:36:57,357 - HandlerTime.Milliseconds:2269.86|#ModelName:my_model_name,Level:Model|#hostname:ruben-Aspire-A315-54,requestID:9026f67b-7401-4eec-87bd-6e50efe11be1,timestamp:1655307417
2022-06-15 17:36:57,360 - HandlerTime.Milliseconds:2269.86|#ModelName:my_model_name,Level:Model|#hostname:ruben-Aspire-A315-54,requestID:9026f67b-7401-4eec-87bd-6e50efe11be1,timestamp:1655307417
2022-06-15 17:36:57,361 - PredictionTime.Milliseconds:2269.91|#ModelName:my_model_name,Level:Model|#hostname:ruben-Aspire-A315-54,requestID:9026f67b-7401-4eec-87bd-6e50efe11be1,timestamp:1655307417
2022-06-15 17:36:57,361 - PredictionTime.Milliseconds:2269.91|#ModelName:my_model_name,Level:Model|#hostname:ruben-Aspire-A315-54,requestID:9026f67b-7401-4eec-87bd-6e50efe11be1,timestamp:1655307417
2022-06-15 17:36:57,362 - HandlerTime.Milliseconds:2269.86|#ModelName:my_model_name,Level:Model|#hostname:ruben-Aspire-A315-54,requestID:9026f67b-7401-4eec-87bd-6e50efe11be1,timestamp:1655307417
2022-06-15 17:36:57,363 - PredictionTime.Milliseconds:2269.91|#ModelName:my_model_name,Level:Model|#hostname:ruben-Aspire-A315-54,requestID:9026f67b-7401-4eec-87bd-6e50efe11be1,timestamp:1655307417
2022-06-15 17:39:39,732 - HandlerTime.Milliseconds:2283.83|#ModelName:my_model_name,Level:Model|#hostname:ruben-Aspire-A315-54,requestID:5c247d1d-0b8f-4125-9148-a9843790c96d,timestamp:1655307579
2022-06-15 17:39:39,733 - HandlerTime.Milliseconds:2283.83|#ModelName:my_model_name,Level:Model|#hostname:ruben-Aspire-A315-54,requestID:5c247d1d-0b8f-4125-9148-a9843790c96d,timestamp:1655307579
2022-06-15 17:39:39,733 - PredictionTime.Milliseconds:2283.87|#ModelName:my_model_name,Level:Model|#hostname:ruben-Aspire-A315-54,requestID:5c247d1d-0b8f-4125-9148-a9843790c96d,timestamp:1655307579
2022-06-15 17:39:39,734 - PredictionTime.Milliseconds:2283.87|#ModelName:my_model_name,Level:Model|#hostname:ruben-Aspire-A315-54,requestID:5c247d1d-0b8f-4125-9148-a9843790c96d,timestamp:1655307579
2022-06-15 17:39:39,737 - HandlerTime.Milliseconds:2283.83|#ModelName:my_model_name,Level:Model|#hostname:ruben-Aspire-A315-54,requestID:5c247d1d-0b8f-4125-9148-a9843790c96d,timestamp:1655307579
2022-06-15 17:39:39,737 - PredictionTime.Milliseconds:2283.87|#ModelName:my_model_name,Level:Model|#hostname:ruben-Aspire-A315-54,requestID:5c247d1d-0b8f-4125-9148-a9843790c96d,timestamp:1655307579
2022-06-16 16:47:03,568 - HandlerTime.Milliseconds:2277.09|#ModelName:my_model_name,Level:Model|#hostname:ruben-Aspire-A315-54,requestID:9e0a97bd-7712-4d87-b816-a2ecee03c78f,timestamp:1655390823
2022-06-16 16:47:03,570 - HandlerTime.Milliseconds:2277.09|#ModelName:my_model_name,Level:Model|#hostname:ruben-Aspire-A315-54,requestID:9e0a97bd-7712-4d87-b816-a2ecee03c78f,timestamp:1655390823
2022-06-16 16:47:03,571 - PredictionTime.Milliseconds:2277.36|#ModelName:my_model_name,Level:Model|#hostname:ruben-Aspire-A315-54,requestID:9e0a97bd-7712-4d87-b816-a2ecee03c78f,timestamp:1655390823
2022-06-16 16:47:03,571 - PredictionTime.Milliseconds:2277.36|#ModelName:my_model_name,Level:Model|#hostname:ruben-Aspire-A315-54,requestID:9e0a97bd-7712-4d87-b816-a2ecee03c78f,timestamp:1655390823
2022-06-16 16:47:03,573 - HandlerTime.Milliseconds:2277.09|#ModelName:my_model_name,Level:Model|#hostname:ruben-Aspire-A315-54,requestID:9e0a97bd-7712-4d87-b816-a2ecee03c78f,timestamp:1655390823
2022-06-16 16:47:03,573 - PredictionTime.Milliseconds:2277.36|#ModelName:my_model_name,Level:Model|#hostname:ruben-Aspire-A315-54,requestID:9e0a97bd-7712-4d87-b816-a2ecee03c78f,timestamp:1655390823
2022-06-16 16:47:23,620 - HandlerTime.Milliseconds:2645.3|#ModelName:my_model_name,Level:Model|#hostname:ruben-Aspire-A315-54,requestID:d9d97d79-928e-4bb1-8ed1-ad713b162e1a,timestamp:1655390843
2022-06-16 16:47:23,620 - HandlerTime.Milliseconds:2645.3|#ModelName:my_model_name,Level:Model|#hostname:ruben-Aspire-A315-54,requestID:d9d97d79-928e-4bb1-8ed1-ad713b162e1a,timestamp:1655390843
2022-06-16 16:47:23,620 - PredictionTime.Milliseconds:2646.62|#ModelName:my_model_name,Level:Model|#hostname:ruben-Aspire-A315-54,requestID:d9d97d79-928e-4bb1-8ed1-ad713b162e1a,timestamp:1655390843
2022-06-16 16:47:23,620 - PredictionTime.Milliseconds:2646.62|#ModelName:my_model_name,Level:Model|#hostname:ruben-Aspire-A315-54,requestID:d9d97d79-928e-4bb1-8ed1-ad713b162e1a,timestamp:1655390843
2022-06-16 16:47:23,623 - HandlerTime.Milliseconds:2645.3|#ModelName:my_model_name,Level:Model|#hostname:ruben-Aspire-A315-54,requestID:d9d97d79-928e-4bb1-8ed1-ad713b162e1a,timestamp:1655390843
2022-06-16 16:47:23,623 - PredictionTime.Milliseconds:2646.62|#ModelName:my_model_name,Level:Model|#hostname:ruben-Aspire-A315-54,requestID:d9d97d79-928e-4bb1-8ed1-ad713b162e1a,timestamp:1655390843
2022-06-16 17:14:04,407 - PredictionTime.Milliseconds:2386.54|#ModelName:my_model_name,Level:Model|#hostname:ruben-Aspire-A315-54,requestID:5dff83ce-983f-42e5-8d6e-02f7704b7fe6,timestamp:1655392444
2022-06-16 17:14:04,408 - PredictionTime.Milliseconds:2386.54|#ModelName:my_model_name,Level:Model|#hostname:ruben-Aspire-A315-54,requestID:5dff83ce-983f-42e5-8d6e-02f7704b7fe6,timestamp:1655392444
2022-06-16 17:14:04,413 - PredictionTime.Milliseconds:2386.54|#ModelName:my_model_name,Level:Model|#hostname:ruben-Aspire-A315-54,requestID:5dff83ce-983f-42e5-8d6e-02f7704b7fe6,timestamp:1655392444
2022-06-16 17:14:23,164 - PredictionTime.Milliseconds:2310.37|#ModelName:my_model_name,Level:Model|#hostname:ruben-Aspire-A315-54,requestID:6ff1a63f-7ff6-4bda-a5e6-53185e812745,timestamp:1655392463
2022-06-16 17:14:23,164 - PredictionTime.Milliseconds:2310.37|#ModelName:my_model_name,Level:Model|#hostname:ruben-Aspire-A315-54,requestID:6ff1a63f-7ff6-4bda-a5e6-53185e812745,timestamp:1655392463
2022-06-16 17:14:23,167 - PredictionTime.Milliseconds:2310.37|#ModelName:my_model_name,Level:Model|#hostname:ruben-Aspire-A315-54,requestID:6ff1a63f-7ff6-4bda-a5e6-53185e812745,timestamp:1655392463
2022-06-16 19:39:11,726 - PredictionTime.Milliseconds:1287.64|#ModelName:my_model_name,Level:Model|#hostname:ruben-Aspire-A315-54,requestID:7ca3aad1-8385-4479-b5e0-4086eea9deb2,timestamp:1655401151
2022-06-16 19:39:11,727 - PredictionTime.Milliseconds:1287.64|#ModelName:my_model_name,Level:Model|#hostname:ruben-Aspire-A315-54,requestID:7ca3aad1-8385-4479-b5e0-4086eea9deb2,timestamp:1655401151
2022-06-16 19:39:11,727 - PredictionTime.Milliseconds:1287.64|#ModelName:my_model_name,Level:Model|#hostname:ruben-Aspire-A315-54,requestID:7ca3aad1-8385-4479-b5e0-4086eea9deb2,timestamp:1655401151
2022-06-20 18:16:45,875 - PredictionTime.Milliseconds:167343.49|#ModelName:my_model_name,Level:Model|#hostname:ruben-Aspire-A315-54,requestID:44847ee7-5184-450d-8cb2-4c68440bf158,timestamp:1655741805
2022-06-20 18:16:45,876 - PredictionTime.Milliseconds:167343.49|#ModelName:my_model_name,Level:Model|#hostname:ruben-Aspire-A315-54,requestID:44847ee7-5184-450d-8cb2-4c68440bf158,timestamp:1655741805
2022-06-20 18:16:45,877 - PredictionTime.Milliseconds:167343.49|#ModelName:my_model_name,Level:Model|#hostname:ruben-Aspire-A315-54,requestID:44847ee7-5184-450d-8cb2-4c68440bf158,timestamp:1655741805
2022-06-20 18:35:07,962 - PredictionTime.Milliseconds:171995.03|#ModelName:my_model_name,Level:Model|#hostname:ruben-Aspire-A315-54,requestID:06ccfbd5-2da0-4748-88b0-3fc3fd8d0946,timestamp:1655742907
2022-06-20 18:35:07,964 - PredictionTime.Milliseconds:171995.03|#ModelName:my_model_name,Level:Model|#hostname:ruben-Aspire-A315-54,requestID:06ccfbd5-2da0-4748-88b0-3fc3fd8d0946,timestamp:1655742907
2022-06-20 18:35:07,966 - PredictionTime.Milliseconds:171995.03|#ModelName:my_model_name,Level:Model|#hostname:ruben-Aspire-A315-54,requestID:06ccfbd5-2da0-4748-88b0-3fc3fd8d0946,timestamp:1655742907
2022-06-20 18:54:18,935 - PredictionTime.Milliseconds:150755.35|#ModelName:my_model_name,Level:Model|#hostname:ruben-Aspire-A315-54,requestID:58239bbe-0b69-4c4d-9481-b7fa9c1809f4,timestamp:1655744058
2022-06-20 18:54:18,936 - PredictionTime.Milliseconds:150755.35|#ModelName:my_model_name,Level:Model|#hostname:ruben-Aspire-A315-54,requestID:58239bbe-0b69-4c4d-9481-b7fa9c1809f4,timestamp:1655744058
2022-06-20 18:54:18,936 - PredictionTime.Milliseconds:150755.35|#ModelName:my_model_name,Level:Model|#hostname:ruben-Aspire-A315-54,requestID:58239bbe-0b69-4c4d-9481-b7fa9c1809f4,timestamp:1655744058
2022-06-20 18:59:19,714 - PredictionTime.Milliseconds:154983.81|#ModelName:my_model_name,Level:Model|#hostname:ruben-Aspire-A315-54,requestID:e1c510ef-25e6-485e-b8a6-d1a78efbac90,timestamp:1655744359
2022-06-20 18:59:19,715 - PredictionTime.Milliseconds:154983.81|#ModelName:my_model_name,Level:Model|#hostname:ruben-Aspire-A315-54,requestID:e1c510ef-25e6-485e-b8a6-d1a78efbac90,timestamp:1655744359
2022-06-20 18:59:19,716 - PredictionTime.Milliseconds:154983.81|#ModelName:my_model_name,Level:Model|#hostname:ruben-Aspire-A315-54,requestID:e1c510ef-25e6-485e-b8a6-d1a78efbac90,timestamp:1655744359
2022-06-20 19:04:27,992 - PredictionTime.Milliseconds:166661.82|#ModelName:my_model_name,Level:Model|#hostname:ruben-Aspire-A315-54,requestID:2e36cef2-e966-4e88-8ffc-d4c782f17e51,timestamp:1655744667
2022-06-20 19:04:27,995 - PredictionTime.Milliseconds:166661.82|#ModelName:my_model_name,Level:Model|#hostname:ruben-Aspire-A315-54,requestID:2e36cef2-e966-4e88-8ffc-d4c782f17e51,timestamp:1655744667
2022-06-20 19:04:27,994 - PredictionTime.Milliseconds:166661.82|#ModelName:my_model_name,Level:Model|#hostname:ruben-Aspire-A315-54,requestID:2e36cef2-e966-4e88-8ffc-d4c782f17e51,timestamp:1655744667
2022-06-20 19:43:04,495 - PredictionTime.Milliseconds:169727.08|#ModelName:my_model_name,Level:Model|#hostname:ruben-Aspire-A315-54,requestID:eaeacaf0-f54f-4475-8a9c-b15bba98b66b,timestamp:1655746984
2022-06-20 19:43:04,497 - PredictionTime.Milliseconds:169727.08|#ModelName:my_model_name,Level:Model|#hostname:ruben-Aspire-A315-54,requestID:eaeacaf0-f54f-4475-8a9c-b15bba98b66b,timestamp:1655746984
2022-06-20 19:43:04,498 - PredictionTime.Milliseconds:169727.08|#ModelName:my_model_name,Level:Model|#hostname:ruben-Aspire-A315-54,requestID:eaeacaf0-f54f-4475-8a9c-b15bba98b66b,timestamp:1655746984
2022-06-20 20:27:06,625 - PredictionTime.Milliseconds:160670.72|#ModelName:my_model_name,Level:Model|#hostname:ruben-Aspire-A315-54,requestID:ebd0940b-295d-461c-bd80-1ac708791017,timestamp:1655749626
2022-06-20 20:27:06,627 - PredictionTime.Milliseconds:160670.72|#ModelName:my_model_name,Level:Model|#hostname:ruben-Aspire-A315-54,requestID:ebd0940b-295d-461c-bd80-1ac708791017,timestamp:1655749626
2022-06-20 20:27:06,627 - PredictionTime.Milliseconds:160670.72|#ModelName:my_model_name,Level:Model|#hostname:ruben-Aspire-A315-54,requestID:ebd0940b-295d-461c-bd80-1ac708791017,timestamp:1655749626
2022-06-20 20:54:34,163 - PredictionTime.Milliseconds:153178.53|#ModelName:my_model_name,Level:Model|#hostname:ruben-Aspire-A315-54,requestID:95335e56-f1d1-43fe-889e-be77c8785197,timestamp:1655751274
2022-06-20 20:54:34,166 - PredictionTime.Milliseconds:153178.53|#ModelName:my_model_name,Level:Model|#hostname:ruben-Aspire-A315-54,requestID:95335e56-f1d1-43fe-889e-be77c8785197,timestamp:1655751274
2022-06-20 20:54:34,168 - PredictionTime.Milliseconds:153178.53|#ModelName:my_model_name,Level:Model|#hostname:ruben-Aspire-A315-54,requestID:95335e56-f1d1-43fe-889e-be77c8785197,timestamp:1655751274
2022-06-20 21:03:43,850 - PredictionTime.Milliseconds:151058.06|#ModelName:my_model_name,Level:Model|#hostname:ruben-Aspire-A315-54,requestID:08585dcc-8b45-4592-90a9-dbb4c546717f,timestamp:1655751823
2022-06-20 21:03:43,853 - PredictionTime.Milliseconds:151058.06|#ModelName:my_model_name,Level:Model|#hostname:ruben-Aspire-A315-54,requestID:08585dcc-8b45-4592-90a9-dbb4c546717f,timestamp:1655751823
2022-06-20 21:03:43,854 - PredictionTime.Milliseconds:151058.06|#ModelName:my_model_name,Level:Model|#hostname:ruben-Aspire-A315-54,requestID:08585dcc-8b45-4592-90a9-dbb4c546717f,timestamp:1655751823
2022-06-20 22:10:39,839 - PredictionTime.Milliseconds:158956.44|#ModelName:my_model_name,Level:Model|#hostname:ruben-Aspire-A315-54,requestID:05637f0d-0b12-478c-a4aa-656fede2ad2a,timestamp:1655755839
2022-06-20 22:10:39,840 - PredictionTime.Milliseconds:158956.44|#ModelName:my_model_name,Level:Model|#hostname:ruben-Aspire-A315-54,requestID:05637f0d-0b12-478c-a4aa-656fede2ad2a,timestamp:1655755839
2022-06-20 22:10:39,841 - PredictionTime.Milliseconds:158956.44|#ModelName:my_model_name,Level:Model|#hostname:ruben-Aspire-A315-54,requestID:05637f0d-0b12-478c-a4aa-656fede2ad2a,timestamp:1655755839
2022-06-20 22:21:24,476 - PredictionTime.Milliseconds:170225.35|#ModelName:my_model_name,Level:Model|#hostname:ruben-Aspire-A315-54,requestID:a809e284-4e48-45c8-9c76-426db84a6c79,timestamp:1655756484
2022-06-20 22:21:24,478 - PredictionTime.Milliseconds:170225.35|#ModelName:my_model_name,Level:Model|#hostname:ruben-Aspire-A315-54,requestID:a809e284-4e48-45c8-9c76-426db84a6c79,timestamp:1655756484
2022-06-20 22:21:24,479 - PredictionTime.Milliseconds:170225.35|#ModelName:my_model_name,Level:Model|#hostname:ruben-Aspire-A315-54,requestID:a809e284-4e48-45c8-9c76-426db84a6c79,timestamp:1655756484
2022-06-20 22:25:48,970 - PredictionTime.Milliseconds:161275.2|#ModelName:my_model_name,Level:Model|#hostname:ruben-Aspire-A315-54,requestID:8bec92b8-aa36-4d87-8afb-948ad9be2974,timestamp:1655756748
2022-06-20 22:25:48,970 - PredictionTime.Milliseconds:161275.2|#ModelName:my_model_name,Level:Model|#hostname:ruben-Aspire-A315-54,requestID:8bec92b8-aa36-4d87-8afb-948ad9be2974,timestamp:1655756748
2022-06-20 22:25:48,971 - PredictionTime.Milliseconds:161275.2|#ModelName:my_model_name,Level:Model|#hostname:ruben-Aspire-A315-54,requestID:8bec92b8-aa36-4d87-8afb-948ad9be2974,timestamp:1655756748
2022-06-21 19:24:24,761 - PredictionTime.Milliseconds:297694.56|#ModelName:my_model_name,Level:Model|#hostname:ruben-Aspire-A315-54,requestID:ade4c003-e68c-4b37-bfac-f9e3185b30a1,timestamp:1655832264
2022-06-21 19:24:24,767 - PredictionTime.Milliseconds:297694.56|#ModelName:my_model_name,Level:Model|#hostname:ruben-Aspire-A315-54,requestID:ade4c003-e68c-4b37-bfac-f9e3185b30a1,timestamp:1655832264
2022-06-21 19:24:24,770 - PredictionTime.Milliseconds:297694.56|#ModelName:my_model_name,Level:Model|#hostname:ruben-Aspire-A315-54,requestID:ade4c003-e68c-4b37-bfac-f9e3185b30a1,timestamp:1655832264
2022-06-21 19:28:31,033 - PredictionTime.Milliseconds:163586.27|#ModelName:my_model_name,Level:Model|#hostname:ruben-Aspire-A315-54,requestID:5a7ab510-7dba-43c2-b69a-7535b42fe0f0,timestamp:1655832511
2022-06-21 19:28:31,034 - PredictionTime.Milliseconds:163586.27|#ModelName:my_model_name,Level:Model|#hostname:ruben-Aspire-A315-54,requestID:5a7ab510-7dba-43c2-b69a-7535b42fe0f0,timestamp:1655832511
2022-06-21 19:28:31,034 - PredictionTime.Milliseconds:163586.27|#ModelName:my_model_name,Level:Model|#hostname:ruben-Aspire-A315-54,requestID:5a7ab510-7dba-43c2-b69a-7535b42fe0f0,timestamp:1655832511
2022-06-21 20:03:51,856 - PredictionTime.Milliseconds:153437.94|#ModelName:my_model_name,Level:Model|#hostname:ruben-Aspire-A315-54,requestID:451cfa62-bd5c-473f-926b-09ac124c31e5,timestamp:1655834631
2022-06-21 20:03:51,857 - PredictionTime.Milliseconds:153437.94|#ModelName:my_model_name,Level:Model|#hostname:ruben-Aspire-A315-54,requestID:451cfa62-bd5c-473f-926b-09ac124c31e5,timestamp:1655834631
2022-06-21 20:03:51,858 - PredictionTime.Milliseconds:153437.94|#ModelName:my_model_name,Level:Model|#hostname:ruben-Aspire-A315-54,requestID:451cfa62-bd5c-473f-926b-09ac124c31e5,timestamp:1655834631
2022-06-21 20:12:01,518 - PredictionTime.Milliseconds:152978.51|#ModelName:my_model_name,Level:Model|#hostname:ruben-Aspire-A315-54,requestID:13a46325-57ad-42c1-ab41-9f0e65816a40,timestamp:1655835121
2022-06-21 20:12:01,518 - PredictionTime.Milliseconds:152978.51|#ModelName:my_model_name,Level:Model|#hostname:ruben-Aspire-A315-54,requestID:13a46325-57ad-42c1-ab41-9f0e65816a40,timestamp:1655835121
2022-06-21 20:12:01,518 - PredictionTime.Milliseconds:152978.51|#ModelName:my_model_name,Level:Model|#hostname:ruben-Aspire-A315-54,requestID:13a46325-57ad-42c1-ab41-9f0e65816a40,timestamp:1655835121
2022-06-21 20:15:41,920 - PredictionTime.Milliseconds:151967.14|#ModelName:my_model_name,Level:Model|#hostname:ruben-Aspire-A315-54,requestID:2ddc545f-cf9c-4083-b518-d5188aefe2c0,timestamp:1655835341
2022-06-21 20:15:41,920 - PredictionTime.Milliseconds:151967.14|#ModelName:my_model_name,Level:Model|#hostname:ruben-Aspire-A315-54,requestID:2ddc545f-cf9c-4083-b518-d5188aefe2c0,timestamp:1655835341
2022-06-21 20:15:41,920 - PredictionTime.Milliseconds:151967.14|#ModelName:my_model_name,Level:Model|#hostname:ruben-Aspire-A315-54,requestID:2ddc545f-cf9c-4083-b518-d5188aefe2c0,timestamp:1655835341
2022-06-21 20:36:13,636 - PredictionTime.Milliseconds:177623.63|#ModelName:my_model_name,Level:Model|#hostname:ruben-Aspire-A315-54,requestID:64bd44f8-b4df-4ba9-8e9d-f25c1098c0af,timestamp:1655836573
2022-06-21 20:36:13,636 - PredictionTime.Milliseconds:177623.63|#ModelName:my_model_name,Level:Model|#hostname:ruben-Aspire-A315-54,requestID:64bd44f8-b4df-4ba9-8e9d-f25c1098c0af,timestamp:1655836573
2022-06-21 20:36:13,637 - PredictionTime.Milliseconds:177623.63|#ModelName:my_model_name,Level:Model|#hostname:ruben-Aspire-A315-54,requestID:64bd44f8-b4df-4ba9-8e9d-f25c1098c0af,timestamp:1655836573
2022-06-22 19:22:47,559 - PredictionTime.Milliseconds:172738.66|#ModelName:my_model_name,Level:Model|#hostname:ruben-Aspire-A315-54,requestID:7ac087fb-8497-405f-9d33-7ffc16914d3e,timestamp:1655918567
2022-06-22 19:22:47,561 - PredictionTime.Milliseconds:172738.66|#ModelName:my_model_name,Level:Model|#hostname:ruben-Aspire-A315-54,requestID:7ac087fb-8497-405f-9d33-7ffc16914d3e,timestamp:1655918567
2022-06-22 19:35:38,528 - PredictionTime.Milliseconds:145204.85|#ModelName:my_model_name,Level:Model|#hostname:ruben-Aspire-A315-54,requestID:301f496b-a246-4cd0-91c9-5f1b7d40862b,timestamp:1655919338
2022-06-22 19:35:38,529 - PredictionTime.Milliseconds:145204.85|#ModelName:my_model_name,Level:Model|#hostname:ruben-Aspire-A315-54,requestID:301f496b-a246-4cd0-91c9-5f1b7d40862b,timestamp:1655919338
2022-06-22 19:48:21,291 - PredictionTime.Milliseconds:144367.01|#ModelName:my_model_name,Level:Model|#hostname:ruben-Aspire-A315-54,requestID:5d0197af-3fb4-4919-94c8-f57d64d256ab,timestamp:1655920101
2022-06-22 19:48:21,292 - PredictionTime.Milliseconds:144367.01|#ModelName:my_model_name,Level:Model|#hostname:ruben-Aspire-A315-54,requestID:5d0197af-3fb4-4919-94c8-f57d64d256ab,timestamp:1655920101
2022-06-22 19:48:21,293 - PredictionTime.Milliseconds:144367.01|#ModelName:my_model_name,Level:Model|#hostname:ruben-Aspire-A315-54,requestID:5d0197af-3fb4-4919-94c8-f57d64d256ab,timestamp:1655920101
2022-06-22 20:06:13,674 - PredictionTime.Milliseconds:144638.44|#ModelName:my_model_name,Level:Model|#hostname:ruben-Aspire-A315-54,requestID:e5682ab0-0999-4d5c-b8ce-333c6d9f52ea,timestamp:1655921173
2022-06-22 20:06:13,675 - PredictionTime.Milliseconds:144638.44|#ModelName:my_model_name,Level:Model|#hostname:ruben-Aspire-A315-54,requestID:e5682ab0-0999-4d5c-b8ce-333c6d9f52ea,timestamp:1655921173
2022-06-22 20:06:13,678 - PredictionTime.Milliseconds:144638.44|#ModelName:my_model_name,Level:Model|#hostname:ruben-Aspire-A315-54,requestID:e5682ab0-0999-4d5c-b8ce-333c6d9f52ea,timestamp:1655921173
2022-06-22 20:18:01,030 - PredictionTime.Milliseconds:146466.33|#ModelName:my_model_name,Level:Model|#hostname:ruben-Aspire-A315-54,requestID:bf75f1a8-78a8-4701-af22-f98eb0819aa5,timestamp:1655921881
2022-06-22 20:18:01,030 - PredictionTime.Milliseconds:146466.33|#ModelName:my_model_name,Level:Model|#hostname:ruben-Aspire-A315-54,requestID:bf75f1a8-78a8-4701-af22-f98eb0819aa5,timestamp:1655921881
2022-06-22 20:18:01,031 - PredictionTime.Milliseconds:146466.33|#ModelName:my_model_name,Level:Model|#hostname:ruben-Aspire-A315-54,requestID:bf75f1a8-78a8-4701-af22-f98eb0819aa5,timestamp:1655921881
2022-06-22 20:36:01,688 - PredictionTime.Milliseconds:165987.79|#ModelName:my_model_name,Level:Model|#hostname:ruben-Aspire-A315-54,requestID:075f0f2d-435d-49b7-9d4f-d0b9967a5568,timestamp:1655922961
2022-06-22 20:36:01,688 - PredictionTime.Milliseconds:165987.79|#ModelName:my_model_name,Level:Model|#hostname:ruben-Aspire-A315-54,requestID:075f0f2d-435d-49b7-9d4f-d0b9967a5568,timestamp:1655922961
2022-06-22 20:36:01,688 - PredictionTime.Milliseconds:165987.79|#ModelName:my_model_name,Level:Model|#hostname:ruben-Aspire-A315-54,requestID:075f0f2d-435d-49b7-9d4f-d0b9967a5568,timestamp:1655922961
2022-06-26 10:37:04,684 - PredictionTime.Milliseconds:146180.24|#ModelName:my_model_name,Level:Model|#hostname:ruben-Aspire-A315-54,requestID:e5b55e49-55bc-44ce-819a-ec3cf4c397e1,timestamp:1656232624
2022-06-26 10:37:04,684 - PredictionTime.Milliseconds:146180.24|#ModelName:my_model_name,Level:Model|#hostname:ruben-Aspire-A315-54,requestID:e5b55e49-55bc-44ce-819a-ec3cf4c397e1,timestamp:1656232624
2022-06-26 10:37:04,686 - PredictionTime.Milliseconds:146180.24|#ModelName:my_model_name,Level:Model|#hostname:ruben-Aspire-A315-54,requestID:e5b55e49-55bc-44ce-819a-ec3cf4c397e1,timestamp:1656232624
2022-06-26 10:43:05,034 - PredictionTime.Milliseconds:148546.19|#ModelName:my_model_name,Level:Model|#hostname:ruben-Aspire-A315-54,requestID:07ca2d32-4150-4b11-9c9c-651c722d2b5b,timestamp:1656232985
2022-06-26 10:43:05,034 - PredictionTime.Milliseconds:148546.19|#ModelName:my_model_name,Level:Model|#hostname:ruben-Aspire-A315-54,requestID:07ca2d32-4150-4b11-9c9c-651c722d2b5b,timestamp:1656232985
2022-06-26 10:43:05,034 - PredictionTime.Milliseconds:148546.19|#ModelName:my_model_name,Level:Model|#hostname:ruben-Aspire-A315-54,requestID:07ca2d32-4150-4b11-9c9c-651c722d2b5b,timestamp:1656232985
2022-06-26 10:50:42,073 - PredictionTime.Milliseconds:188817.56|#ModelName:my_model_name,Level:Model|#hostname:ruben-Aspire-A315-54,requestID:d20c72fd-5ff0-43cd-ad42-59e18b67a694,timestamp:1656233442
2022-06-26 10:50:42,075 - PredictionTime.Milliseconds:188817.56|#ModelName:my_model_name,Level:Model|#hostname:ruben-Aspire-A315-54,requestID:d20c72fd-5ff0-43cd-ad42-59e18b67a694,timestamp:1656233442
2022-06-26 10:50:42,076 - PredictionTime.Milliseconds:188817.56|#ModelName:my_model_name,Level:Model|#hostname:ruben-Aspire-A315-54,requestID:d20c72fd-5ff0-43cd-ad42-59e18b67a694,timestamp:1656233442
2022-06-26 10:55:55,086 - PredictionTime.Milliseconds:234874.31|#ModelName:my_model_name,Level:Model|#hostname:ruben-Aspire-A315-54,requestID:02c6baf8-f483-4065-b744-cf50b19eb0c3,timestamp:1656233755
2022-06-26 10:55:55,087 - PredictionTime.Milliseconds:234874.31|#ModelName:my_model_name,Level:Model|#hostname:ruben-Aspire-A315-54,requestID:02c6baf8-f483-4065-b744-cf50b19eb0c3,timestamp:1656233755
2022-06-26 10:55:55,087 - PredictionTime.Milliseconds:234874.31|#ModelName:my_model_name,Level:Model|#hostname:ruben-Aspire-A315-54,requestID:02c6baf8-f483-4065-b744-cf50b19eb0c3,timestamp:1656233755
2022-06-26 11:25:24,444 - PredictionTime.Milliseconds:147378.5|#ModelName:my_model_name,Level:Model|#hostname:ruben-Aspire-A315-54,requestID:6305db7c-aa73-446e-883d-e78586570561,timestamp:1656235524
2022-06-26 11:25:24,444 - PredictionTime.Milliseconds:147378.5|#ModelName:my_model_name,Level:Model|#hostname:ruben-Aspire-A315-54,requestID:6305db7c-aa73-446e-883d-e78586570561,timestamp:1656235524
2022-06-26 11:25:24,445 - PredictionTime.Milliseconds:147378.5|#ModelName:my_model_name,Level:Model|#hostname:ruben-Aspire-A315-54,requestID:6305db7c-aa73-446e-883d-e78586570561,timestamp:1656235524
2022-06-26 11:39:11,699 - PredictionTime.Milliseconds:150315.12|#ModelName:my_model_name,Level:Model|#hostname:ruben-Aspire-A315-54,requestID:bda7aa0e-22b2-4322-b34c-d6d354236cb6,timestamp:1656236351
2022-06-26 11:39:11,699 - PredictionTime.Milliseconds:150315.12|#ModelName:my_model_name,Level:Model|#hostname:ruben-Aspire-A315-54,requestID:bda7aa0e-22b2-4322-b34c-d6d354236cb6,timestamp:1656236351
2022-06-26 11:39:11,701 - PredictionTime.Milliseconds:150315.12|#ModelName:my_model_name,Level:Model|#hostname:ruben-Aspire-A315-54,requestID:bda7aa0e-22b2-4322-b34c-d6d354236cb6,timestamp:1656236351
2022-06-26 11:45:51,987 - PredictionTime.Milliseconds:145617.87|#ModelName:my_model_name,Level:Model|#hostname:ruben-Aspire-A315-54,requestID:d8a57132-40cf-41e5-8c0d-412a01917980,timestamp:1656236751
2022-06-26 11:45:51,987 - PredictionTime.Milliseconds:145617.87|#ModelName:my_model_name,Level:Model|#hostname:ruben-Aspire-A315-54,requestID:d8a57132-40cf-41e5-8c0d-412a01917980,timestamp:1656236751
2022-06-26 11:45:51,988 - PredictionTime.Milliseconds:145617.87|#ModelName:my_model_name,Level:Model|#hostname:ruben-Aspire-A315-54,requestID:d8a57132-40cf-41e5-8c0d-412a01917980,timestamp:1656236751
2022-06-26 11:53:40,831 - PredictionTime.Milliseconds:149075.61|#ModelName:my_model_name,Level:Model|#hostname:ruben-Aspire-A315-54,requestID:cbf87cd6-5f45-4b64-a483-499aa82803f4,timestamp:1656237220
2022-06-26 11:53:40,831 - PredictionTime.Milliseconds:149075.61|#ModelName:my_model_name,Level:Model|#hostname:ruben-Aspire-A315-54,requestID:cbf87cd6-5f45-4b64-a483-499aa82803f4,timestamp:1656237220
2022-06-26 11:53:40,832 - PredictionTime.Milliseconds:149075.61|#ModelName:my_model_name,Level:Model|#hostname:ruben-Aspire-A315-54,requestID:cbf87cd6-5f45-4b64-a483-499aa82803f4,timestamp:1656237220
2022-06-27 18:06:51,447 - PredictionTime.Milliseconds:165313.21|#ModelName:my_model_name,Level:Model|#hostname:ruben-Aspire-A315-54,requestID:a4ae0448-6c95-45c5-bf6c-cc8f54649f54,timestamp:1656346011
2022-06-27 18:06:51,449 - PredictionTime.Milliseconds:165313.21|#ModelName:my_model_name,Level:Model|#hostname:ruben-Aspire-A315-54,requestID:a4ae0448-6c95-45c5-bf6c-cc8f54649f54,timestamp:1656346011
2022-06-27 18:06:51,453 - PredictionTime.Milliseconds:165313.21|#ModelName:my_model_name,Level:Model|#hostname:ruben-Aspire-A315-54,requestID:a4ae0448-6c95-45c5-bf6c-cc8f54649f54,timestamp:1656346011
2022-06-27 18:16:15,456 - PredictionTime.Milliseconds:180422.68|#ModelName:my_model_name,Level:Model|#hostname:ruben-Aspire-A315-54,requestID:95fccd13-0da8-4fe5-b567-e085e61b7050,timestamp:1656346575
2022-06-27 18:16:15,474 - PredictionTime.Milliseconds:180422.68|#ModelName:my_model_name,Level:Model|#hostname:ruben-Aspire-A315-54,requestID:95fccd13-0da8-4fe5-b567-e085e61b7050,timestamp:1656346575
2022-06-27 18:16:15,475 - PredictionTime.Milliseconds:180422.68|#ModelName:my_model_name,Level:Model|#hostname:ruben-Aspire-A315-54,requestID:95fccd13-0da8-4fe5-b567-e085e61b7050,timestamp:1656346575
2022-06-27 18:23:55,925 - PredictionTime.Milliseconds:163384.91|#ModelName:my_model_name,Level:Model|#hostname:ruben-Aspire-A315-54,requestID:00c8ea41-b462-4995-8dc8-e6c6614be870,timestamp:1656347035
2022-06-27 18:23:55,926 - PredictionTime.Milliseconds:163384.91|#ModelName:my_model_name,Level:Model|#hostname:ruben-Aspire-A315-54,requestID:00c8ea41-b462-4995-8dc8-e6c6614be870,timestamp:1656347035
2022-06-27 18:23:55,926 - PredictionTime.Milliseconds:163384.91|#ModelName:my_model_name,Level:Model|#hostname:ruben-Aspire-A315-54,requestID:00c8ea41-b462-4995-8dc8-e6c6614be870,timestamp:1656347035
2022-06-27 18:28:36,301 - PredictionTime.Milliseconds:152072.89|#ModelName:my_model_name,Level:Model|#hostname:ruben-Aspire-A315-54,requestID:840387be-e5d8-4f18-b37d-d6e32bb68f20,timestamp:1656347316
2022-06-27 18:28:36,302 - PredictionTime.Milliseconds:152072.89|#ModelName:my_model_name,Level:Model|#hostname:ruben-Aspire-A315-54,requestID:840387be-e5d8-4f18-b37d-d6e32bb68f20,timestamp:1656347316
2022-06-27 18:28:36,302 - PredictionTime.Milliseconds:152072.89|#ModelName:my_model_name,Level:Model|#hostname:ruben-Aspire-A315-54,requestID:840387be-e5d8-4f18-b37d-d6e32bb68f20,timestamp:1656347316
2022-06-27 18:34:34,845 - PredictionTime.Milliseconds:263111.97|#ModelName:my_model_name,Level:Model|#hostname:ruben-Aspire-A315-54,requestID:40d98cfc-c7ff-4671-a486-dcaa6bb4ab08,timestamp:1656347674
2022-06-27 18:34:34,845 - PredictionTime.Milliseconds:263111.97|#ModelName:my_model_name,Level:Model|#hostname:ruben-Aspire-A315-54,requestID:40d98cfc-c7ff-4671-a486-dcaa6bb4ab08,timestamp:1656347674
2022-06-27 18:34:34,845 - PredictionTime.Milliseconds:263111.97|#ModelName:my_model_name,Level:Model|#hostname:ruben-Aspire-A315-54,requestID:40d98cfc-c7ff-4671-a486-dcaa6bb4ab08,timestamp:1656347674
2022-06-27 18:39:19,345 - PredictionTime.Milliseconds:166603.75|#ModelName:my_model_name,Level:Model|#hostname:ruben-Aspire-A315-54,requestID:205e3854-8033-42d7-b391-7688e433e2f9,timestamp:1656347959
2022-06-27 18:39:19,345 - PredictionTime.Milliseconds:166603.75|#ModelName:my_model_name,Level:Model|#hostname:ruben-Aspire-A315-54,requestID:205e3854-8033-42d7-b391-7688e433e2f9,timestamp:1656347959
2022-06-27 18:39:19,346 - PredictionTime.Milliseconds:166603.75|#ModelName:my_model_name,Level:Model|#hostname:ruben-Aspire-A315-54,requestID:205e3854-8033-42d7-b391-7688e433e2f9,timestamp:1656347959
2022-06-27 18:47:06,029 - PredictionTime.Milliseconds:202055.18|#ModelName:my_model_name,Level:Model|#hostname:ruben-Aspire-A315-54,requestID:3297d049-730c-44e3-957b-ee9cf013b447,timestamp:1656348425
2022-06-27 18:47:06,032 - PredictionTime.Milliseconds:202055.18|#ModelName:my_model_name,Level:Model|#hostname:ruben-Aspire-A315-54,requestID:3297d049-730c-44e3-957b-ee9cf013b447,timestamp:1656348425
2022-06-27 18:47:06,034 - PredictionTime.Milliseconds:202055.18|#ModelName:my_model_name,Level:Model|#hostname:ruben-Aspire-A315-54,requestID:3297d049-730c-44e3-957b-ee9cf013b447,timestamp:1656348425
2022-06-27 18:52:53,605 - PredictionTime.Milliseconds:181972.6|#ModelName:my_model_name,Level:Model|#hostname:ruben-Aspire-A315-54,requestID:624a8487-e50a-4e93-920c-224e772af4ac,timestamp:1656348773
2022-06-27 18:52:53,606 - PredictionTime.Milliseconds:181972.6|#ModelName:my_model_name,Level:Model|#hostname:ruben-Aspire-A315-54,requestID:624a8487-e50a-4e93-920c-224e772af4ac,timestamp:1656348773
2022-06-27 18:52:53,606 - PredictionTime.Milliseconds:181972.6|#ModelName:my_model_name,Level:Model|#hostname:ruben-Aspire-A315-54,requestID:624a8487-e50a-4e93-920c-224e772af4ac,timestamp:1656348773
2022-06-27 18:58:10,069 - PredictionTime.Milliseconds:274281.07|#ModelName:my_model_name,Level:Model|#hostname:ruben-Aspire-A315-54,requestID:1654203a-647b-48a3-abce-2a37954a941e,timestamp:1656349090
2022-06-27 18:58:10,069 - PredictionTime.Milliseconds:274281.07|#ModelName:my_model_name,Level:Model|#hostname:ruben-Aspire-A315-54,requestID:1654203a-647b-48a3-abce-2a37954a941e,timestamp:1656349090
2022-06-27 18:58:10,083 - PredictionTime.Milliseconds:274281.07|#ModelName:my_model_name,Level:Model|#hostname:ruben-Aspire-A315-54,requestID:1654203a-647b-48a3-abce-2a37954a941e,timestamp:1656349090
2022-06-27 19:02:49,879 - PredictionTime.Milliseconds:157476.06|#ModelName:my_model_name,Level:Model|#hostname:ruben-Aspire-A315-54,requestID:aefb7462-93b6-408b-9ee4-cdf0bcc0d911,timestamp:1656349369
2022-06-27 19:02:49,879 - PredictionTime.Milliseconds:157476.06|#ModelName:my_model_name,Level:Model|#hostname:ruben-Aspire-A315-54,requestID:aefb7462-93b6-408b-9ee4-cdf0bcc0d911,timestamp:1656349369
2022-06-27 19:02:49,883 - PredictionTime.Milliseconds:157476.06|#ModelName:my_model_name,Level:Model|#hostname:ruben-Aspire-A315-54,requestID:aefb7462-93b6-408b-9ee4-cdf0bcc0d911,timestamp:1656349369
2022-06-27 20:09:42,767 - PredictionTime.Milliseconds:145312.17|#ModelName:my_model_name,Level:Model|#hostname:ruben-Aspire-A315-54,requestID:80d28446-26d4-421e-aef5-7aeff22c34f6,timestamp:1656353382
2022-06-27 20:09:42,768 - PredictionTime.Milliseconds:145312.17|#ModelName:my_model_name,Level:Model|#hostname:ruben-Aspire-A315-54,requestID:80d28446-26d4-421e-aef5-7aeff22c34f6,timestamp:1656353382
2022-06-27 20:09:42,768 - PredictionTime.Milliseconds:145312.17|#ModelName:my_model_name,Level:Model|#hostname:ruben-Aspire-A315-54,requestID:80d28446-26d4-421e-aef5-7aeff22c34f6,timestamp:1656353382
2022-06-27 20:15:46,008 - PredictionTime.Milliseconds:146486.74|#ModelName:my_model_name,Level:Model|#hostname:ruben-Aspire-A315-54,requestID:21964591-777d-4902-be3d-d898dd1402ea,timestamp:1656353745
2022-06-27 20:15:46,009 - PredictionTime.Milliseconds:146486.74|#ModelName:my_model_name,Level:Model|#hostname:ruben-Aspire-A315-54,requestID:21964591-777d-4902-be3d-d898dd1402ea,timestamp:1656353745
2022-06-27 20:15:46,009 - PredictionTime.Milliseconds:146486.74|#ModelName:my_model_name,Level:Model|#hostname:ruben-Aspire-A315-54,requestID:21964591-777d-4902-be3d-d898dd1402ea,timestamp:1656353745
2022-06-27 20:22:44,550 - PredictionTime.Milliseconds:158040.41|#ModelName:my_model_name,Level:Model|#hostname:ruben-Aspire-A315-54,requestID:a7477d3a-5520-44e1-975c-b4f812adbd88,timestamp:1656354164
2022-06-27 20:22:44,551 - PredictionTime.Milliseconds:158040.41|#ModelName:my_model_name,Level:Model|#hostname:ruben-Aspire-A315-54,requestID:a7477d3a-5520-44e1-975c-b4f812adbd88,timestamp:1656354164
2022-06-27 20:22:44,552 - PredictionTime.Milliseconds:158040.41|#ModelName:my_model_name,Level:Model|#hostname:ruben-Aspire-A315-54,requestID:a7477d3a-5520-44e1-975c-b4f812adbd88,timestamp:1656354164
2022-06-29 11:22:58,512 - PredictionTime.Milliseconds:164389.26|#ModelName:my_model_name,Level:Model|#hostname:ruben-Aspire-A315-54,requestID:adb5b77c-a3bd-4ead-a06a-038231c44e8b,timestamp:1656494578
2022-06-29 11:22:58,513 - PredictionTime.Milliseconds:164389.26|#ModelName:my_model_name,Level:Model|#hostname:ruben-Aspire-A315-54,requestID:adb5b77c-a3bd-4ead-a06a-038231c44e8b,timestamp:1656494578
2022-06-29 11:22:58,514 - PredictionTime.Milliseconds:164389.26|#ModelName:my_model_name,Level:Model|#hostname:ruben-Aspire-A315-54,requestID:adb5b77c-a3bd-4ead-a06a-038231c44e8b,timestamp:1656494578
2022-06-29 11:31:56,075 - PredictionTime.Milliseconds:164911.72|#ModelName:my_model_name,Level:Model|#hostname:ruben-Aspire-A315-54,requestID:a1be27c3-c54f-4206-b5ff-01c15f0c3b56,timestamp:1656495116
2022-06-29 11:31:56,076 - PredictionTime.Milliseconds:164911.72|#ModelName:my_model_name,Level:Model|#hostname:ruben-Aspire-A315-54,requestID:a1be27c3-c54f-4206-b5ff-01c15f0c3b56,timestamp:1656495116
2022-06-29 11:31:56,078 - PredictionTime.Milliseconds:164911.72|#ModelName:my_model_name,Level:Model|#hostname:ruben-Aspire-A315-54,requestID:a1be27c3-c54f-4206-b5ff-01c15f0c3b56,timestamp:1656495116
2022-06-30 15:49:43,450 - PredictionTime.Milliseconds:1004718.53|#ModelName:my_model_name,Level:Model|#hostname:ruben-Aspire-A315-54,requestID:15daef83-2d46-489d-b730-64240401d11e,timestamp:1656596983
2022-06-30 15:49:43,450 - PredictionTime.Milliseconds:1004718.53|#ModelName:my_model_name,Level:Model|#hostname:ruben-Aspire-A315-54,requestID:15daef83-2d46-489d-b730-64240401d11e,timestamp:1656596983
2022-06-30 15:49:43,452 - PredictionTime.Milliseconds:1004718.53|#ModelName:my_model_name,Level:Model|#hostname:ruben-Aspire-A315-54,requestID:15daef83-2d46-489d-b730-64240401d11e,timestamp:1656596983
2022-07-07 12:25:26,261 - PredictionTime.Milliseconds:931719.52|#ModelName:my_model_name,Level:Model|#hostname:ruben-Aspire-A315-54,requestID:e6b3b1ba-ff07-4c30-9841-afa6a8cb9411,timestamp:1657189526
2022-07-07 12:25:26,262 - PredictionTime.Milliseconds:931719.52|#ModelName:my_model_name,Level:Model|#hostname:ruben-Aspire-A315-54,requestID:e6b3b1ba-ff07-4c30-9841-afa6a8cb9411,timestamp:1657189526
2022-07-07 12:25:26,263 - PredictionTime.Milliseconds:931719.52|#ModelName:my_model_name,Level:Model|#hostname:ruben-Aspire-A315-54,requestID:e6b3b1ba-ff07-4c30-9841-afa6a8cb9411,timestamp:1657189526
2022-07-07 12:44:21,536 - PredictionTime.Milliseconds:933129.59|#ModelName:my_model_name,Level:Model|#hostname:ruben-Aspire-A315-54,requestID:4059ee5e-338f-4c8d-a322-4fb1170fe42d,timestamp:1657190661
2022-07-07 12:44:21,537 - PredictionTime.Milliseconds:933129.59|#ModelName:my_model_name,Level:Model|#hostname:ruben-Aspire-A315-54,requestID:4059ee5e-338f-4c8d-a322-4fb1170fe42d,timestamp:1657190661
2022-07-07 12:44:21,539 - PredictionTime.Milliseconds:933129.59|#ModelName:my_model_name,Level:Model|#hostname:ruben-Aspire-A315-54,requestID:4059ee5e-338f-4c8d-a322-4fb1170fe42d,timestamp:1657190661
2022-07-07 13:08:02,748 - PredictionTime.Milliseconds:932585.54|#ModelName:my_model_name,Level:Model|#hostname:ruben-Aspire-A315-54,requestID:a1a9bce7-90ae-4940-8bec-e27c8e9b2847,timestamp:1657192082
2022-07-07 13:08:02,748 - PredictionTime.Milliseconds:932585.54|#ModelName:my_model_name,Level:Model|#hostname:ruben-Aspire-A315-54,requestID:a1a9bce7-90ae-4940-8bec-e27c8e9b2847,timestamp:1657192082
2022-07-07 13:08:02,750 - PredictionTime.Milliseconds:932585.54|#ModelName:my_model_name,Level:Model|#hostname:ruben-Aspire-A315-54,requestID:a1a9bce7-90ae-4940-8bec-e27c8e9b2847,timestamp:1657192082
2022-07-11 11:29:57,418 - PredictionTime.Milliseconds:915452.03|#ModelName:my_model_name,Level:Model|#hostname:ruben-Aspire-A315-54,requestID:c06fa746-7152-4e9e-bff9-186bd4d11dea,timestamp:1657531797
2022-07-11 11:29:57,418 - PredictionTime.Milliseconds:915452.03|#ModelName:my_model_name,Level:Model|#hostname:ruben-Aspire-A315-54,requestID:c06fa746-7152-4e9e-bff9-186bd4d11dea,timestamp:1657531797
2022-07-11 11:29:57,420 - PredictionTime.Milliseconds:915452.03|#ModelName:my_model_name,Level:Model|#hostname:ruben-Aspire-A315-54,requestID:c06fa746-7152-4e9e-bff9-186bd4d11dea,timestamp:1657531797
2022-07-11 11:48:39,915 - PredictionTime.Milliseconds:924027.18|#ModelName:my_model_name,Level:Model|#hostname:ruben-Aspire-A315-54,requestID:7ebee9a1-de99-41c7-a8ec-0d010e9bbdc1,timestamp:1657532919
2022-07-11 11:48:39,915 - PredictionTime.Milliseconds:924027.18|#ModelName:my_model_name,Level:Model|#hostname:ruben-Aspire-A315-54,requestID:7ebee9a1-de99-41c7-a8ec-0d010e9bbdc1,timestamp:1657532919
2022-07-11 11:48:39,932 - PredictionTime.Milliseconds:924027.18|#ModelName:my_model_name,Level:Model|#hostname:ruben-Aspire-A315-54,requestID:7ebee9a1-de99-41c7-a8ec-0d010e9bbdc1,timestamp:1657532919
2022-07-12 17:43:43,100 - PredictionTime.Milliseconds:919635.36|#ModelName:my_model_name,Level:Model|#hostname:ruben-Aspire-A315-54,requestID:8136b078-6dfd-4ae7-943a-49f295e90780,timestamp:1657640623
2022-07-12 17:43:43,101 - PredictionTime.Milliseconds:919635.36|#ModelName:my_model_name,Level:Model|#hostname:ruben-Aspire-A315-54,requestID:8136b078-6dfd-4ae7-943a-49f295e90780,timestamp:1657640623
2022-07-12 17:43:43,102 - PredictionTime.Milliseconds:919635.36|#ModelName:my_model_name,Level:Model|#hostname:ruben-Aspire-A315-54,requestID:8136b078-6dfd-4ae7-943a-49f295e90780,timestamp:1657640623
2022-07-12 18:06:55,583 - PredictionTime.Milliseconds:941516.92|#ModelName:my_model_name,Level:Model|#hostname:ruben-Aspire-A315-54,requestID:f970bf06-4a27-4036-a07e-784336f033e4,timestamp:1657642015
2022-07-12 18:06:55,585 - PredictionTime.Milliseconds:941516.92|#ModelName:my_model_name,Level:Model|#hostname:ruben-Aspire-A315-54,requestID:f970bf06-4a27-4036-a07e-784336f033e4,timestamp:1657642015
2022-07-12 18:06:55,585 - PredictionTime.Milliseconds:941516.92|#ModelName:my_model_name,Level:Model|#hostname:ruben-Aspire-A315-54,requestID:f970bf06-4a27-4036-a07e-784336f033e4,timestamp:1657642015
2022-07-12 19:00:18,462 - PredictionTime.Milliseconds:912630.88|#ModelName:my_model_name,Level:Model|#hostname:ruben-Aspire-A315-54,requestID:61392b29-44f9-412d-80f5-9b7dfd76d263,timestamp:1657645218
2022-07-12 19:00:18,464 - PredictionTime.Milliseconds:912630.88|#ModelName:my_model_name,Level:Model|#hostname:ruben-Aspire-A315-54,requestID:61392b29-44f9-412d-80f5-9b7dfd76d263,timestamp:1657645218
2022-07-12 19:00:18,464 - PredictionTime.Milliseconds:912630.88|#ModelName:my_model_name,Level:Model|#hostname:ruben-Aspire-A315-54,requestID:61392b29-44f9-412d-80f5-9b7dfd76d263,timestamp:1657645218
2022-07-13 17:53:24,326 - PredictionTime.Milliseconds:929071.93|#ModelName:my_model_name,Level:Model|#hostname:ruben-Aspire-A315-54,requestID:6c536faa-e61c-4e00-81f4-5801f375ceb6,timestamp:1657727604
2022-07-13 17:53:24,326 - PredictionTime.Milliseconds:929071.93|#ModelName:my_model_name,Level:Model|#hostname:ruben-Aspire-A315-54,requestID:6c536faa-e61c-4e00-81f4-5801f375ceb6,timestamp:1657727604
2022-07-13 17:53:24,335 - PredictionTime.Milliseconds:929071.93|#ModelName:my_model_name,Level:Model|#hostname:ruben-Aspire-A315-54,requestID:6c536faa-e61c-4e00-81f4-5801f375ceb6,timestamp:1657727604
2022-07-13 18:17:13,551 - PredictionTime.Milliseconds:906613.28|#ModelName:my_model_name,Level:Model|#hostname:ruben-Aspire-A315-54,requestID:92517fcd-02cf-44e9-8e85-fc195e1ad01c,timestamp:1657729033
2022-07-13 18:17:13,551 - PredictionTime.Milliseconds:906613.28|#ModelName:my_model_name,Level:Model|#hostname:ruben-Aspire-A315-54,requestID:92517fcd-02cf-44e9-8e85-fc195e1ad01c,timestamp:1657729033
2022-07-13 18:17:13,552 - PredictionTime.Milliseconds:906613.28|#ModelName:my_model_name,Level:Model|#hostname:ruben-Aspire-A315-54,requestID:92517fcd-02cf-44e9-8e85-fc195e1ad01c,timestamp:1657729033
2022-07-13 18:33:39,439 - PredictionTime.Milliseconds:912207.9|#ModelName:my_model_name,Level:Model|#hostname:ruben-Aspire-A315-54,requestID:87422c10-c9b5-4873-94e4-dbed4cc5a533,timestamp:1657730019
2022-07-13 18:33:39,440 - PredictionTime.Milliseconds:912207.9|#ModelName:my_model_name,Level:Model|#hostname:ruben-Aspire-A315-54,requestID:87422c10-c9b5-4873-94e4-dbed4cc5a533,timestamp:1657730019
2022-07-13 18:33:39,440 - PredictionTime.Milliseconds:912207.9|#ModelName:my_model_name,Level:Model|#hostname:ruben-Aspire-A315-54,requestID:87422c10-c9b5-4873-94e4-dbed4cc5a533,timestamp:1657730019
2022-07-14 17:29:42,244 - PredictionTime.Milliseconds:938989.45|#ModelName:my_model_name,Level:Model|#hostname:ruben-Aspire-A315-54,requestID:687f50f0-9a98-4332-864b-0a78fc8da0ed,timestamp:1657812582
2022-07-14 17:29:42,244 - PredictionTime.Milliseconds:938989.45|#ModelName:my_model_name,Level:Model|#hostname:ruben-Aspire-A315-54,requestID:687f50f0-9a98-4332-864b-0a78fc8da0ed,timestamp:1657812582
2022-07-14 17:29:42,246 - PredictionTime.Milliseconds:938989.45|#ModelName:my_model_name,Level:Model|#hostname:ruben-Aspire-A315-54,requestID:687f50f0-9a98-4332-864b-0a78fc8da0ed,timestamp:1657812582
2022-07-14 17:48:49,207 - PredictionTime.Milliseconds:940485.62|#ModelName:my_model_name,Level:Model|#hostname:ruben-Aspire-A315-54,requestID:2d0b272b-79d4-4e88-bb3b-e5e5f0743af7,timestamp:1657813729
2022-07-14 17:48:49,207 - PredictionTime.Milliseconds:940485.62|#ModelName:my_model_name,Level:Model|#hostname:ruben-Aspire-A315-54,requestID:2d0b272b-79d4-4e88-bb3b-e5e5f0743af7,timestamp:1657813729
2022-07-14 17:48:49,220 - PredictionTime.Milliseconds:940485.62|#ModelName:my_model_name,Level:Model|#hostname:ruben-Aspire-A315-54,requestID:2d0b272b-79d4-4e88-bb3b-e5e5f0743af7,timestamp:1657813729
2022-07-14 18:07:05,073 - PredictionTime.Milliseconds:923583.09|#ModelName:my_model_name,Level:Model|#hostname:ruben-Aspire-A315-54,requestID:5fb5269a-f228-4173-9b95-017b34440b4f,timestamp:1657814825
2022-07-14 18:07:05,074 - PredictionTime.Milliseconds:923583.09|#ModelName:my_model_name,Level:Model|#hostname:ruben-Aspire-A315-54,requestID:5fb5269a-f228-4173-9b95-017b34440b4f,timestamp:1657814825
2022-07-14 18:07:05,076 - PredictionTime.Milliseconds:923583.09|#ModelName:my_model_name,Level:Model|#hostname:ruben-Aspire-A315-54,requestID:5fb5269a-f228-4173-9b95-017b34440b4f,timestamp:1657814825
2022-07-14 18:25:58,014 - PredictionTime.Milliseconds:928399.34|#ModelName:my_model_name,Level:Model|#hostname:ruben-Aspire-A315-54,requestID:96a0c5ea-37ad-4197-ad2a-faf1ab4056b3,timestamp:1657815958
2022-07-14 18:25:58,015 - PredictionTime.Milliseconds:928399.34|#ModelName:my_model_name,Level:Model|#hostname:ruben-Aspire-A315-54,requestID:96a0c5ea-37ad-4197-ad2a-faf1ab4056b3,timestamp:1657815958
2022-07-14 18:25:58,016 - PredictionTime.Milliseconds:928399.34|#ModelName:my_model_name,Level:Model|#hostname:ruben-Aspire-A315-54,requestID:96a0c5ea-37ad-4197-ad2a-faf1ab4056b3,timestamp:1657815958
2022-07-25 13:26:40,473 - PredictionTime.Milliseconds:158704.57|#ModelName:my_model_name,Level:Model|#hostname:ruben-Aspire-A315-54,requestID:bd9afb83-332b-44fc-99ba-5a34342a53bc,timestamp:1658748400
2022-07-25 13:26:40,474 - PredictionTime.Milliseconds:158704.57|#ModelName:my_model_name,Level:Model|#hostname:ruben-Aspire-A315-54,requestID:bd9afb83-332b-44fc-99ba-5a34342a53bc,timestamp:1658748400
2022-07-25 13:26:40,475 - PredictionTime.Milliseconds:158704.57|#ModelName:my_model_name,Level:Model|#hostname:ruben-Aspire-A315-54,requestID:bd9afb83-332b-44fc-99ba-5a34342a53bc,timestamp:1658748400
2022-07-25 13:34:36,005 - PredictionTime.Milliseconds:155078.53|#ModelName:my_model_name,Level:Model|#hostname:ruben-Aspire-A315-54,requestID:4e158fe7-2f81-48d7-afd9-349b5415f18d,timestamp:1658748876
2022-07-25 13:34:36,006 - PredictionTime.Milliseconds:155078.53|#ModelName:my_model_name,Level:Model|#hostname:ruben-Aspire-A315-54,requestID:4e158fe7-2f81-48d7-afd9-349b5415f18d,timestamp:1658748876
2022-07-25 13:34:36,007 - PredictionTime.Milliseconds:155078.53|#ModelName:my_model_name,Level:Model|#hostname:ruben-Aspire-A315-54,requestID:4e158fe7-2f81-48d7-afd9-349b5415f18d,timestamp:1658748876
2022-07-25 13:38:42,618 - PredictionTime.Milliseconds:159247.91|#ModelName:my_model_name,Level:Model|#hostname:ruben-Aspire-A315-54,requestID:a68c52b8-0bd7-4426-8392-d3b1a79705f9,timestamp:1658749122
2022-07-25 13:38:42,619 - PredictionTime.Milliseconds:159247.91|#ModelName:my_model_name,Level:Model|#hostname:ruben-Aspire-A315-54,requestID:a68c52b8-0bd7-4426-8392-d3b1a79705f9,timestamp:1658749122
2022-07-25 13:38:42,621 - PredictionTime.Milliseconds:159247.91|#ModelName:my_model_name,Level:Model|#hostname:ruben-Aspire-A315-54,requestID:a68c52b8-0bd7-4426-8392-d3b1a79705f9,timestamp:1658749122
2022-07-25 13:44:06,848 - PredictionTime.Milliseconds:167967.49|#ModelName:my_model_name,Level:Model|#hostname:ruben-Aspire-A315-54,requestID:5f31377e-a874-40e6-a1ea-377d1a125e5e,timestamp:1658749446
2022-07-25 13:44:06,848 - PredictionTime.Milliseconds:167967.49|#ModelName:my_model_name,Level:Model|#hostname:ruben-Aspire-A315-54,requestID:5f31377e-a874-40e6-a1ea-377d1a125e5e,timestamp:1658749446
2022-07-25 13:44:06,849 - PredictionTime.Milliseconds:167967.49|#ModelName:my_model_name,Level:Model|#hostname:ruben-Aspire-A315-54,requestID:5f31377e-a874-40e6-a1ea-377d1a125e5e,timestamp:1658749446
2022-07-25 13:49:30,351 - PredictionTime.Milliseconds:158410.24|#ModelName:my_model_name,Level:Model|#hostname:ruben-Aspire-A315-54,requestID:0cd5aca7-b9c3-4ced-bd32-a4c518c40cb6,timestamp:1658749770
2022-07-25 13:49:30,351 - PredictionTime.Milliseconds:158410.24|#ModelName:my_model_name,Level:Model|#hostname:ruben-Aspire-A315-54,requestID:0cd5aca7-b9c3-4ced-bd32-a4c518c40cb6,timestamp:1658749770
2022-07-25 13:49:30,352 - PredictionTime.Milliseconds:158410.24|#ModelName:my_model_name,Level:Model|#hostname:ruben-Aspire-A315-54,requestID:0cd5aca7-b9c3-4ced-bd32-a4c518c40cb6,timestamp:1658749770
2022-07-25 14:00:26,026 - PredictionTime.Milliseconds:559509.67|#ModelName:my_model_name,Level:Model|#hostname:ruben-Aspire-A315-54,requestID:7674ff22-a19a-4060-a3a4-641a2f47d9a9,timestamp:1658750426
2022-07-25 14:00:26,026 - PredictionTime.Milliseconds:559509.67|#ModelName:my_model_name,Level:Model|#hostname:ruben-Aspire-A315-54,requestID:7674ff22-a19a-4060-a3a4-641a2f47d9a9,timestamp:1658750426
2022-07-25 14:00:26,027 - PredictionTime.Milliseconds:559509.67|#ModelName:my_model_name,Level:Model|#hostname:ruben-Aspire-A315-54,requestID:7674ff22-a19a-4060-a3a4-641a2f47d9a9,timestamp:1658750426
